
RAxML-NG v. 0.9.0 released on 20.05.2019 by The Exelixis Lab.
Developed by: Alexey M. Kozlov and Alexandros Stamatakis.
Contributors: Diego Darriba, Tomas Flouri, Benoit Morel, Sarah Lutteropp, Ben Bettisworth.
Latest version: https://github.com/amkozlov/raxml-ng
Questions/problems/suggestions? Please visit: https://groups.google.com/forum/#!forum/raxml

RAxML-NG was called at 15-Apr-2020 20:04:37 as follows:

raxml-ng --support --tree Try1_.raxml.bestTree --bs-trees Bootstrap1.raxml.bootstraps --prefix Applied --threads 4

Analysis options:
  run mode: Compute bipartition support (Felsenstein Bootstrap)
  start tree(s): user
  random seed: 1586999077
  SIMD kernels: AVX
  parallelization: PTHREADS (4 threads), thread pinning: OFF

Reading reference tree from file: Try1_.raxml.bestTree
Reference tree size: 5

Reading bootstrap trees from file: Bootstrap1.raxml.bootstraps
Loaded 50 trees with 5 taxa.

Best ML tree with Felsenstein bootstrap (FBP) support values saved to: /home/merrittp/EEOB563-Spring2020-Project/EEOB563-FinalProject/nucleotide-phylogeny/insertions/Applied.raxml.support

Execution log saved to: /home/merrittp/EEOB563-Spring2020-Project/EEOB563-FinalProject/nucleotide-phylogeny/insertions/Applied.raxml.log

Analysis started: 15-Apr-2020 20:04:37 / finished: 15-Apr-2020 20:04:37

Elapsed time: 0.013 seconds

