
RAxML-NG v. 0.9.0 released on 20.05.2019 by The Exelixis Lab.
Developed by: Alexey M. Kozlov and Alexandros Stamatakis.
Contributors: Diego Darriba, Tomas Flouri, Benoit Morel, Sarah Lutteropp, Ben Bettisworth.
Latest version: https://github.com/amkozlov/raxml-ng
Questions/problems/suggestions? Please visit: https://groups.google.com/forum/#!forum/raxml

RAxML-NG was called at 13-Apr-2020 22:41:06 as follows:

raxml-ng --msa allspecies_insertions.phy --model partitions.txt --prefix Try1_ --threads 4 --seed 5

Analysis options:
  run mode: ML tree search
  start tree(s): random (10) + parsimony (10)
  random seed: 5
  tip-inner: OFF
  pattern compression: ON
  per-rate scalers: OFF
  site repeats: ON
  fast spr radius: AUTO
  spr subtree cutoff: 1.000000
  branch lengths: proportional (ML estimate, algorithm: NR-FAST)
  SIMD kernels: AVX
  parallelization: PTHREADS (4 threads), thread pinning: OFF

[00:00:00] Reading alignment from file: allspecies_insertions.phy
[00:00:00] Loaded alignment with 5 taxa and 11347 sites

Alignment comprises 6 partitions and 1793 patterns

Partition 0: rnl
Model: GTR+FO+R4+B
Alignment sites / patterns: 4395 / 563
Gaps: 36.07 %
Invariant sites: 69.26 %

Partition 1: rns
Model: GTR+FO+R4+B
Alignment sites / patterns: 2131 / 327
Gaps: 34.83 %
Invariant sites: 66.17 %

Partition 2: cob
Model: GTR+FO+R4+B
Alignment sites / patterns: 1287 / 260
Gaps: 7.91 %
Invariant sites: 55.32 %

Partition 3: cox1
Model: GTR+FO+R4+B
Alignment sites / patterns: 1632 / 247
Gaps: 2.98 %
Invariant sites: 62.32 %

Partition 4: cox2
Model: GTR+FO+R4+B
Alignment sites / patterns: 1105 / 233
Gaps: 23.62 %
Invariant sites: 59.73 %

Partition 5: cox3
Model: GTR+FO+R4+B
Alignment sites / patterns: 797 / 163
Gaps: 1.00 %
Invariant sites: 55.96 %


NOTE: Binary MSA file created: Try1_.raxml.rba

[00:00:00] Generating 10 random starting tree(s) with 5 taxa
[00:00:00] Generating 10 parsimony starting tree(s) with 5 taxa
[00:00:00] Data distribution: max. partitions/sites/weight per thread: 3 / 449 / 7184

Starting ML tree search with 20 distinct starting trees

[00:00:00 -41910.950322] Initial branch length optimization
[00:00:00 -39194.424020] Model parameter optimization (eps = 10.000000)
[00:00:02 -36777.151553] AUTODETECT spr round 1 (radius: 5)
[00:00:02 -36063.832939] SPR radius for FAST iterations: 5 (autodetect)
[00:00:02 -36063.832939] Model parameter optimization (eps = 3.000000)
[00:00:07 -35756.241611] FAST spr round 1 (radius: 5)
[00:00:07 -35756.147828] Model parameter optimization (eps = 1.000000)
[00:00:07 -35755.450364] SLOW spr round 1 (radius: 5)
[00:00:07 -35755.438939] Model parameter optimization (eps = 0.100000)

[00:00:07] ML tree search #1, logLikelihood: -35755.102537

[00:00:07 -38914.580228] Initial branch length optimization
[00:00:07 -37417.273139] Model parameter optimization (eps = 10.000000)
[00:00:14 -35837.620241] AUTODETECT spr round 1 (radius: 5)
[00:00:14 -35764.574407] SPR radius for FAST iterations: 5 (autodetect)
[00:00:14 -35764.574407] Model parameter optimization (eps = 3.000000)
[00:00:15 -35755.362978] FAST spr round 1 (radius: 5)
[00:00:15 -35755.359327] Model parameter optimization (eps = 1.000000)
[00:00:15 -35755.253480] SLOW spr round 1 (radius: 5)
[00:00:15 -35755.253458] Model parameter optimization (eps = 0.100000)

[00:00:15] ML tree search #2, logLikelihood: -35755.224369

[00:00:15 -41910.950322] Initial branch length optimization
[00:00:15 -39194.424020] Model parameter optimization (eps = 10.000000)
[00:00:17 -36777.151553] AUTODETECT spr round 1 (radius: 5)
[00:00:17 -36063.832939] SPR radius for FAST iterations: 5 (autodetect)
[00:00:17 -36063.832939] Model parameter optimization (eps = 3.000000)
[00:00:22 -35756.241611] FAST spr round 1 (radius: 5)
[00:00:22 -35756.147828] Model parameter optimization (eps = 1.000000)
[00:00:22 -35755.450364] SLOW spr round 1 (radius: 5)
[00:00:22 -35755.438939] Model parameter optimization (eps = 0.100000)

[00:00:22] ML tree search #3, logLikelihood: -35755.102537

[00:00:22 -41634.326680] Initial branch length optimization
[00:00:22 -39194.106605] Model parameter optimization (eps = 10.000000)
[00:00:25 -36780.185092] AUTODETECT spr round 1 (radius: 5)
[00:00:25 -36077.458683] SPR radius for FAST iterations: 5 (autodetect)
[00:00:25 -36077.458683] Model parameter optimization (eps = 3.000000)
[00:00:27 -35841.148065] FAST spr round 1 (radius: 5)
[00:00:27 -35775.230650] FAST spr round 2 (radius: 5)
[00:00:28 -35775.227485] Model parameter optimization (eps = 1.000000)
[00:00:29 -35761.037254] SLOW spr round 1 (radius: 5)
[00:00:29 -35761.018995] Model parameter optimization (eps = 0.100000)

[00:00:29] ML tree search #4, logLikelihood: -35755.052984

[00:00:29 -40095.557769] Initial branch length optimization
[00:00:29 -37874.926360] Model parameter optimization (eps = 10.000000)
[00:00:34 -36131.402112] AUTODETECT spr round 1 (radius: 5)
[00:00:34 -35804.834732] SPR radius for FAST iterations: 5 (autodetect)
[00:00:34 -35804.834732] Model parameter optimization (eps = 3.000000)
[00:00:35 -35755.524028] FAST spr round 1 (radius: 5)
[00:00:35 -35755.517600] Model parameter optimization (eps = 1.000000)
[00:00:35 -35755.201611] SLOW spr round 1 (radius: 5)
[00:00:35 -35755.199191] Model parameter optimization (eps = 0.100000)

[00:00:35] ML tree search #5, logLikelihood: -35755.040792

[00:00:35 -40095.557769] Initial branch length optimization
[00:00:35 -37874.926360] Model parameter optimization (eps = 10.000000)
[00:00:40 -36131.402112] AUTODETECT spr round 1 (radius: 5)
[00:00:40 -35804.834732] SPR radius for FAST iterations: 5 (autodetect)
[00:00:40 -35804.834732] Model parameter optimization (eps = 3.000000)
[00:00:41 -35755.524028] FAST spr round 1 (radius: 5)
[00:00:41 -35755.517600] Model parameter optimization (eps = 1.000000)
[00:00:41 -35755.201611] SLOW spr round 1 (radius: 5)
[00:00:41 -35755.199191] Model parameter optimization (eps = 0.100000)

[00:00:41] ML tree search #6, logLikelihood: -35755.040792

[00:00:41 -41654.651326] Initial branch length optimization
[00:00:41 -39194.194250] Model parameter optimization (eps = 10.000000)
[00:00:44 -36780.501667] AUTODETECT spr round 1 (radius: 5)
[00:00:44 -36077.472911] SPR radius for FAST iterations: 5 (autodetect)
[00:00:44 -36077.472911] Model parameter optimization (eps = 3.000000)
[00:00:47 -35841.096172] FAST spr round 1 (radius: 5)
[00:00:47 -35775.169171] FAST spr round 2 (radius: 5)
[00:00:48 -35775.166078] Model parameter optimization (eps = 1.000000)
[00:00:49 -35755.460033] SLOW spr round 1 (radius: 5)
[00:00:49 -35755.438333] Model parameter optimization (eps = 0.100000)

[00:00:49] ML tree search #7, logLikelihood: -35755.073434

[00:00:49 -41060.008010] Initial branch length optimization
[00:00:49 -38882.071901] Model parameter optimization (eps = 10.000000)
[00:00:55 -36779.223615] AUTODETECT spr round 1 (radius: 5)
[00:00:55 -36000.309537] SPR radius for FAST iterations: 5 (autodetect)
[00:00:55 -36000.309537] Model parameter optimization (eps = 3.000000)
[00:00:58 -35837.659050] FAST spr round 1 (radius: 5)
[00:00:58 -35770.105925] FAST spr round 2 (radius: 5)
[00:00:58 -35770.102998] Model parameter optimization (eps = 1.000000)
[00:00:59 -35755.434810] SLOW spr round 1 (radius: 5)
[00:00:59 -35755.411037] Model parameter optimization (eps = 0.100000)

[00:00:59] ML tree search #8, logLikelihood: -35755.068715

[00:00:59 -38188.531002] Initial branch length optimization
[00:00:59 -37255.111985] Model parameter optimization (eps = 10.000000)
[00:01:04 -35756.224877] AUTODETECT spr round 1 (radius: 5)
[00:01:04 -35755.951105] SPR radius for FAST iterations: 5 (autodetect)
[00:01:04 -35755.951105] Model parameter optimization (eps = 3.000000)
[00:01:04 -35755.459013] FAST spr round 1 (radius: 5)
[00:01:04 -35755.439096] Model parameter optimization (eps = 1.000000)
[00:01:04 -35755.320670] SLOW spr round 1 (radius: 5)
[00:01:04 -35755.318389] Model parameter optimization (eps = 0.100000)

[00:01:04] ML tree search #9, logLikelihood: -35755.281796

[00:01:04 -38843.756257] Initial branch length optimization
[00:01:04 -37411.069572] Model parameter optimization (eps = 10.000000)
[00:01:10 -35837.581220] AUTODETECT spr round 1 (radius: 5)
[00:01:10 -35764.523319] SPR radius for FAST iterations: 5 (autodetect)
[00:01:10 -35764.523319] Model parameter optimization (eps = 3.000000)
[00:01:11 -35755.389794] FAST spr round 1 (radius: 5)
[00:01:11 -35755.382698] Model parameter optimization (eps = 1.000000)
[00:01:11 -35755.262716] SLOW spr round 1 (radius: 5)
[00:01:11 -35755.262496] Model parameter optimization (eps = 0.100000)

[00:01:11] ML tree search #10, logLikelihood: -35755.232035

[00:01:11 -38188.531002] Initial branch length optimization
[00:01:11 -37255.067918] Model parameter optimization (eps = 10.000000)
[00:01:16 -35756.145001] AUTODETECT spr round 1 (radius: 5)
[00:01:16 -35755.898130] SPR radius for FAST iterations: 5 (autodetect)
[00:01:16 -35755.898130] Model parameter optimization (eps = 3.000000)
[00:01:16 -35755.445256] FAST spr round 1 (radius: 5)
[00:01:16 -35755.429178] Model parameter optimization (eps = 1.000000)
[00:01:17 -35755.242921] SLOW spr round 1 (radius: 5)
[00:01:17 -35755.240597] Model parameter optimization (eps = 0.100000)

[00:01:17] ML tree search #11, logLikelihood: -35755.202578

[00:01:17 -38188.531002] Initial branch length optimization
[00:01:17 -37255.060384] Model parameter optimization (eps = 10.000000)
[00:01:21 -35756.182151] AUTODETECT spr round 1 (radius: 5)
[00:01:21 -35755.932730] SPR radius for FAST iterations: 5 (autodetect)
[00:01:21 -35755.932730] Model parameter optimization (eps = 3.000000)
[00:01:21 -35755.468174] FAST spr round 1 (radius: 5)
[00:01:21 -35755.449586] Model parameter optimization (eps = 1.000000)
[00:01:21 -35755.319171] SLOW spr round 1 (radius: 5)
[00:01:22 -35755.316832] Model parameter optimization (eps = 0.100000)

[00:01:22] ML tree search #12, logLikelihood: -35755.272127

[00:01:22 -38188.531002] Initial branch length optimization
[00:01:22 -37255.127507] Model parameter optimization (eps = 10.000000)
[00:01:27 -35756.233836] AUTODETECT spr round 1 (radius: 5)
[00:01:27 -35755.960009] SPR radius for FAST iterations: 5 (autodetect)
[00:01:27 -35755.960009] Model parameter optimization (eps = 3.000000)
[00:01:27 -35755.535932] FAST spr round 1 (radius: 5)
[00:01:27 -35755.517537] Model parameter optimization (eps = 1.000000)
[00:01:27 -35755.337302] SLOW spr round 1 (radius: 5)
[00:01:28 -35755.335155] Model parameter optimization (eps = 0.100000)

[00:01:28] ML tree search #13, logLikelihood: -35755.292939

[00:01:28 -38188.531002] Initial branch length optimization
[00:01:28 -37255.258516] Model parameter optimization (eps = 10.000000)
[00:01:33 -35755.830183] AUTODETECT spr round 1 (radius: 5)
[00:01:33 -35755.827773] SPR radius for FAST iterations: 5 (autodetect)
[00:01:33 -35755.827773] Model parameter optimization (eps = 3.000000)
[00:01:33 -35755.396989] FAST spr round 1 (radius: 5)
[00:01:33 -35755.395338] Model parameter optimization (eps = 1.000000)
[00:01:33 -35755.268396] SLOW spr round 1 (radius: 5)
[00:01:33 -35755.267961] Model parameter optimization (eps = 0.100000)

[00:01:33] ML tree search #14, logLikelihood: -35755.225687

[00:01:33 -38188.531002] Initial branch length optimization
[00:01:33 -37255.301578] Model parameter optimization (eps = 10.000000)
[00:01:38 -35755.837222] AUTODETECT spr round 1 (radius: 5)
[00:01:38 -35755.827691] SPR radius for FAST iterations: 5 (autodetect)
[00:01:38 -35755.827691] Model parameter optimization (eps = 3.000000)
[00:01:38 -35755.425341] FAST spr round 1 (radius: 5)
[00:01:38 -35755.422888] Model parameter optimization (eps = 1.000000)
[00:01:38 -35755.311273] SLOW spr round 1 (radius: 5)
[00:01:38 -35755.310980] Model parameter optimization (eps = 0.100000)

[00:01:38] ML tree search #15, logLikelihood: -35755.274162

[00:01:38 -38188.531002] Initial branch length optimization
[00:01:38 -37255.294752] Model parameter optimization (eps = 10.000000)
[00:01:44 -35755.976658] AUTODETECT spr round 1 (radius: 5)
[00:01:44 -35755.972292] SPR radius for FAST iterations: 5 (autodetect)
[00:01:44 -35755.972292] Model parameter optimization (eps = 3.000000)
[00:01:44 -35755.561772] FAST spr round 1 (radius: 5)
[00:01:44 -35755.560775] Model parameter optimization (eps = 1.000000)
[00:01:44 -35755.442930] SLOW spr round 1 (radius: 5)
[00:01:44 -35755.442463] Model parameter optimization (eps = 0.100000)

[00:01:44] ML tree search #16, logLikelihood: -35755.404537

[00:01:44 -38188.531002] Initial branch length optimization
[00:01:44 -37255.254965] Model parameter optimization (eps = 10.000000)
[00:01:54 -35757.745560] AUTODETECT spr round 1 (radius: 5)
[00:01:54 -35757.732750] SPR radius for FAST iterations: 5 (autodetect)
[00:01:54 -35757.732750] Model parameter optimization (eps = 3.000000)
[00:01:55 -35755.940402] FAST spr round 1 (radius: 5)
[00:01:55 -35755.937572] Model parameter optimization (eps = 1.000000)
[00:01:55 -35755.531352] SLOW spr round 1 (radius: 5)
[00:01:55 -35755.530342] Model parameter optimization (eps = 0.100000)

[00:01:55] ML tree search #17, logLikelihood: -35755.319500

[00:01:55 -38188.531002] Initial branch length optimization
[00:01:55 -37255.258516] Model parameter optimization (eps = 10.000000)
[00:02:00 -35755.830183] AUTODETECT spr round 1 (radius: 5)
[00:02:00 -35755.827773] SPR radius for FAST iterations: 5 (autodetect)
[00:02:00 -35755.827773] Model parameter optimization (eps = 3.000000)
[00:02:00 -35755.396989] FAST spr round 1 (radius: 5)
[00:02:00 -35755.395338] Model parameter optimization (eps = 1.000000)
[00:02:00 -35755.268396] SLOW spr round 1 (radius: 5)
[00:02:00 -35755.267961] Model parameter optimization (eps = 0.100000)

[00:02:00] ML tree search #18, logLikelihood: -35755.225687

[00:02:00 -38188.531002] Initial branch length optimization
[00:02:00 -37255.083990] Model parameter optimization (eps = 10.000000)
[00:02:05 -35756.224995] AUTODETECT spr round 1 (radius: 5)
[00:02:05 -35755.971636] SPR radius for FAST iterations: 5 (autodetect)
[00:02:05 -35755.971636] Model parameter optimization (eps = 3.000000)
[00:02:05 -35755.488871] FAST spr round 1 (radius: 5)
[00:02:05 -35755.472841] Model parameter optimization (eps = 1.000000)
[00:02:05 -35755.347036] SLOW spr round 1 (radius: 5)
[00:02:05 -35755.344990] Model parameter optimization (eps = 0.100000)

[00:02:05] ML tree search #19, logLikelihood: -35755.308232

[00:02:05 -38188.531002] Initial branch length optimization
[00:02:05 -37255.267458] Model parameter optimization (eps = 10.000000)
[00:02:10 -35755.832835] AUTODETECT spr round 1 (radius: 5)
[00:02:10 -35755.824244] SPR radius for FAST iterations: 5 (autodetect)
[00:02:10 -35755.824244] Model parameter optimization (eps = 3.000000)
[00:02:10 -35755.410676] FAST spr round 1 (radius: 5)
[00:02:10 -35755.408789] Model parameter optimization (eps = 1.000000)
[00:02:10 -35755.293012] SLOW spr round 1 (radius: 5)
[00:02:11 -35755.292363] Model parameter optimization (eps = 0.100000)

[00:02:11] ML tree search #20, logLikelihood: -35755.252449



Final LogLikelihood: -35755.040792

AIC score: 71702.081584 / AICc score: 71703.737051 / BIC score: 72406.405617
Free parameters (model + branch lengths): 96

Best ML tree saved to: /home/merrittp/EEOB563-FinalProject/nucleotide-phylogeny/Try1_.raxml.bestTree
All ML trees saved to: /home/merrittp/EEOB563-FinalProject/nucleotide-phylogeny/Try1_.raxml.mlTrees
Optimized model saved to: /home/merrittp/EEOB563-FinalProject/nucleotide-phylogeny/Try1_.raxml.bestModel

Execution log saved to: /home/merrittp/EEOB563-FinalProject/nucleotide-phylogeny/Try1_.raxml.log

Analysis started: 13-Apr-2020 22:41:06 / finished: 13-Apr-2020 22:43:17

Elapsed time: 131.137 seconds

