
RAxML-NG v. 0.9.0 released on 20.05.2019 by The Exelixis Lab.
Developed by: Alexey M. Kozlov and Alexandros Stamatakis.
Contributors: Diego Darriba, Tomas Flouri, Benoit Morel, Sarah Lutteropp, Ben Bettisworth.
Latest version: https://github.com/amkozlov/raxml-ng
Questions/problems/suggestions? Please visit: https://groups.google.com/forum/#!forum/raxml

RAxML-NG was called at 10-Apr-2020 16:25:07 as follows:

raxml-ng --msa insertions.phy --model GTR+G --prefix T1 --threads 2

Analysis options:
  run mode: ML tree search
  start tree(s): random (10) + parsimony (10)
  random seed: 1586553907
  tip-inner: OFF
  pattern compression: ON
  per-rate scalers: OFF
  site repeats: ON
  fast spr radius: AUTO
  spr subtree cutoff: 1.000000
  branch lengths: proportional (ML estimate, algorithm: NR-FAST)
  SIMD kernels: AVX
  parallelization: PTHREADS (2 threads), thread pinning: OFF

[00:00:00] Reading alignment from file: insertions.phy
[00:00:00] Loaded alignment with 80 taxa and 1246 sites

Alignment comprises 1 partitions and 796 patterns

Partition 0: noname
Model: GTR+FO+G4m
Alignment sites / patterns: 1246 / 796
Gaps: 91.48 %
Invariant sites: 45.75 %


NOTE: Binary MSA file created: T1.raxml.rba

[00:00:00] Generating 10 random starting tree(s) with 80 taxa
[00:00:00] Generating 10 parsimony starting tree(s) with 80 taxa
[00:00:00] Data distribution: max. partitions/sites/weight per thread: 1 / 398 / 6368

Starting ML tree search with 20 distinct starting trees

[00:00:00 -10304.086319] Initial branch length optimization
[00:00:00 -9302.362772] Model parameter optimization (eps = 10.000000)
[00:00:00 -8992.000369] AUTODETECT spr round 1 (radius: 5)
[00:00:01 -8819.105223] AUTODETECT spr round 2 (radius: 10)
[00:00:01 -8665.592447] AUTODETECT spr round 3 (radius: 15)
[00:00:02 -8646.911768] AUTODETECT spr round 4 (radius: 20)
[00:00:02 -8646.847398] SPR radius for FAST iterations: 15 (autodetect)
[00:00:02 -8646.847398] Model parameter optimization (eps = 3.000000)
[00:00:02 -8636.074742] FAST spr round 1 (radius: 15)
[00:00:04 -8595.443057] FAST spr round 2 (radius: 15)
[00:00:05 -8592.644209] FAST spr round 3 (radius: 15)
[00:00:06 -8592.642909] Model parameter optimization (eps = 1.000000)
[00:00:06 -8590.387474] SLOW spr round 1 (radius: 5)
[00:00:09 -8589.119685] SLOW spr round 2 (radius: 5)
[00:00:12 -8588.788989] SLOW spr round 3 (radius: 5)
[00:00:14 -8588.787122] SLOW spr round 4 (radius: 10)
[00:00:17 -8585.833791] SLOW spr round 5 (radius: 5)
[00:00:21 -8584.916771] SLOW spr round 6 (radius: 5)
[00:00:24 -8584.228052] SLOW spr round 7 (radius: 5)
[00:00:27 -8584.227509] SLOW spr round 8 (radius: 10)
[00:00:30 -8583.723879] SLOW spr round 9 (radius: 5)
[00:00:33 -8583.700430] SLOW spr round 10 (radius: 10)
[00:00:37 -8583.700181] SLOW spr round 11 (radius: 15)
[00:00:41 -8582.079913] SLOW spr round 12 (radius: 5)
[00:00:44 -8582.059073] SLOW spr round 13 (radius: 10)
[00:00:48 -8582.057511] SLOW spr round 14 (radius: 15)
[00:00:52 -8581.858027] SLOW spr round 15 (radius: 5)
[00:00:55 -8581.836897] SLOW spr round 16 (radius: 10)
[00:00:59 -8581.836476] SLOW spr round 17 (radius: 15)
[00:01:02 -8581.745230] SLOW spr round 18 (radius: 20)
[00:01:05 -8581.412328] SLOW spr round 19 (radius: 5)
[00:01:08 -8581.364723] SLOW spr round 20 (radius: 10)
[00:01:12 -8581.364105] SLOW spr round 21 (radius: 15)
[00:01:15 -8581.364038] SLOW spr round 22 (radius: 20)
[00:01:18 -8581.364022] SLOW spr round 23 (radius: 25)
[00:01:19 -8581.364016] Model parameter optimization (eps = 0.100000)

[00:01:19] ML tree search #1, logLikelihood: -8581.053411

[00:01:19 -10179.003737] Initial branch length optimization
[00:01:19 -9286.216223] Model parameter optimization (eps = 10.000000)
[00:01:20 -8989.205326] AUTODETECT spr round 1 (radius: 5)
[00:01:20 -8802.667408] AUTODETECT spr round 2 (radius: 10)
[00:01:21 -8717.214035] AUTODETECT spr round 3 (radius: 15)
[00:01:22 -8677.350992] AUTODETECT spr round 4 (radius: 20)
[00:01:22 -8668.978723] AUTODETECT spr round 5 (radius: 25)
[00:01:22 -8665.190956] SPR radius for FAST iterations: 25 (autodetect)
[00:01:22 -8665.190956] Model parameter optimization (eps = 3.000000)
[00:01:23 -8656.508236] FAST spr round 1 (radius: 25)
[00:01:24 -8607.091622] FAST spr round 2 (radius: 25)
[00:01:25 -8594.315317] FAST spr round 3 (radius: 25)
[00:01:26 -8593.828121] FAST spr round 4 (radius: 25)
[00:01:27 -8593.827738] Model parameter optimization (eps = 1.000000)
[00:01:27 -8592.926363] SLOW spr round 1 (radius: 5)
[00:01:30 -8591.957611] SLOW spr round 2 (radius: 5)
[00:01:33 -8591.946338] SLOW spr round 3 (radius: 10)
[00:01:36 -8591.624083] SLOW spr round 4 (radius: 5)
[00:01:39 -8591.621721] SLOW spr round 5 (radius: 10)
[00:01:43 -8590.505699] SLOW spr round 6 (radius: 5)
[00:01:47 -8590.480938] SLOW spr round 7 (radius: 10)
[00:01:51 -8590.331792] SLOW spr round 8 (radius: 5)
[00:01:54 -8590.327468] SLOW spr round 9 (radius: 10)
[00:01:58 -8589.504954] SLOW spr round 10 (radius: 5)
[00:02:01 -8589.075385] SLOW spr round 11 (radius: 5)
[00:02:04 -8589.074268] SLOW spr round 12 (radius: 10)
[00:02:08 -8588.288933] SLOW spr round 13 (radius: 5)
[00:02:11 -8587.623064] SLOW spr round 14 (radius: 5)
[00:02:14 -8587.620504] SLOW spr round 15 (radius: 10)
[00:02:17 -8587.228014] SLOW spr round 16 (radius: 5)
[00:02:20 -8587.225258] SLOW spr round 17 (radius: 10)
[00:02:24 -8587.224866] SLOW spr round 18 (radius: 15)
[00:02:28 -8583.990110] SLOW spr round 19 (radius: 5)
[00:02:31 -8583.987443] SLOW spr round 20 (radius: 10)
[00:02:35 -8583.942553] SLOW spr round 21 (radius: 15)
[00:02:39 -8583.941765] SLOW spr round 22 (radius: 20)
[00:02:41 -8583.941621] SLOW spr round 23 (radius: 25)
[00:02:42 -8583.941583] Model parameter optimization (eps = 0.100000)

[00:02:42] ML tree search #2, logLikelihood: -8583.232066

[00:02:42 -10267.950126] Initial branch length optimization
[00:02:42 -9307.384490] Model parameter optimization (eps = 10.000000)
[00:02:43 -9001.122276] AUTODETECT spr round 1 (radius: 5)
[00:02:43 -8804.204458] AUTODETECT spr round 2 (radius: 10)
[00:02:44 -8686.966708] AUTODETECT spr round 3 (radius: 15)
[00:02:45 -8643.285232] AUTODETECT spr round 4 (radius: 20)
[00:02:45 -8642.345863] AUTODETECT spr round 5 (radius: 25)
[00:02:45 -8642.313037] SPR radius for FAST iterations: 20 (autodetect)
[00:02:45 -8642.313037] Model parameter optimization (eps = 3.000000)
[00:02:45 -8631.060413] FAST spr round 1 (radius: 20)
[00:02:47 -8594.191136] FAST spr round 2 (radius: 20)
[00:02:48 -8590.829443] FAST spr round 3 (radius: 20)
[00:02:49 -8588.579803] FAST spr round 4 (radius: 20)
[00:02:50 -8588.528940] Model parameter optimization (eps = 1.000000)
[00:02:50 -8587.105063] SLOW spr round 1 (radius: 5)
[00:02:53 -8585.212690] SLOW spr round 2 (radius: 5)
[00:02:55 -8584.469900] SLOW spr round 3 (radius: 5)
[00:02:58 -8584.323111] SLOW spr round 4 (radius: 5)
[00:03:00 -8584.320015] SLOW spr round 5 (radius: 10)
[00:03:03 -8583.834293] SLOW spr round 6 (radius: 5)
[00:03:06 -8581.726957] SLOW spr round 7 (radius: 5)
[00:03:09 -8581.492291] SLOW spr round 8 (radius: 5)
[00:03:11 -8581.490427] SLOW spr round 9 (radius: 10)
[00:03:14 -8581.301188] SLOW spr round 10 (radius: 5)
[00:03:17 -8581.266044] SLOW spr round 11 (radius: 10)
[00:03:21 -8581.265931] SLOW spr round 12 (radius: 15)
[00:03:26 -8580.069816] SLOW spr round 13 (radius: 5)
[00:03:29 -8580.058974] SLOW spr round 14 (radius: 10)
[00:03:32 -8580.056257] SLOW spr round 15 (radius: 15)
[00:03:37 -8580.055461] SLOW spr round 16 (radius: 20)
[00:03:38 -8580.055211] SLOW spr round 17 (radius: 25)
[00:03:38 -8580.055130] Model parameter optimization (eps = 0.100000)

[00:03:39] ML tree search #3, logLikelihood: -8579.758107

[00:03:39 -10136.330076] Initial branch length optimization
[00:03:39 -9287.499178] Model parameter optimization (eps = 10.000000)
[00:03:39 -8965.227410] AUTODETECT spr round 1 (radius: 5)
[00:03:40 -8838.236205] AUTODETECT spr round 2 (radius: 10)
[00:03:40 -8682.635485] AUTODETECT spr round 3 (radius: 15)
[00:03:41 -8662.001641] AUTODETECT spr round 4 (radius: 20)
[00:03:42 -8656.012806] AUTODETECT spr round 5 (radius: 25)
[00:03:42 -8655.993726] SPR radius for FAST iterations: 20 (autodetect)
[00:03:42 -8655.993726] Model parameter optimization (eps = 3.000000)
[00:03:42 -8648.139629] FAST spr round 1 (radius: 20)
[00:03:44 -8602.870711] FAST spr round 2 (radius: 20)
[00:03:45 -8597.797222] FAST spr round 3 (radius: 20)
[00:03:45 -8597.613133] FAST spr round 4 (radius: 20)
[00:03:46 -8597.472169] FAST spr round 5 (radius: 20)
[00:03:47 -8597.470299] Model parameter optimization (eps = 1.000000)
[00:03:47 -8595.963527] SLOW spr round 1 (radius: 5)
[00:03:50 -8595.223920] SLOW spr round 2 (radius: 5)
[00:03:52 -8595.218489] SLOW spr round 3 (radius: 10)
[00:03:54 -8592.221119] SLOW spr round 4 (radius: 5)
[00:03:58 -8590.666097] SLOW spr round 5 (radius: 5)
[00:04:00 -8590.166108] SLOW spr round 6 (radius: 5)
[00:04:03 -8590.161964] SLOW spr round 7 (radius: 10)
[00:04:05 -8590.109011] SLOW spr round 8 (radius: 15)
[00:04:09 -8586.834395] SLOW spr round 9 (radius: 5)
[00:04:12 -8586.076342] SLOW spr round 10 (radius: 5)
[00:04:15 -8586.076272] SLOW spr round 11 (radius: 10)
[00:04:18 -8586.076268] SLOW spr round 12 (radius: 15)
[00:04:22 -8586.076267] SLOW spr round 13 (radius: 20)
[00:04:24 -8586.076267] SLOW spr round 14 (radius: 25)
[00:04:25 -8586.076266] Model parameter optimization (eps = 0.100000)

[00:04:25] ML tree search #4, logLikelihood: -8585.749912

[00:04:25 -10276.310528] Initial branch length optimization
[00:04:25 -9295.359338] Model parameter optimization (eps = 10.000000)
[00:04:26 -8994.894344] AUTODETECT spr round 1 (radius: 5)
[00:04:26 -8824.245978] AUTODETECT spr round 2 (radius: 10)
[00:04:27 -8679.823922] AUTODETECT spr round 3 (radius: 15)
[00:04:28 -8646.679678] AUTODETECT spr round 4 (radius: 20)
[00:04:28 -8645.044542] AUTODETECT spr round 5 (radius: 25)
[00:04:28 -8645.020471] SPR radius for FAST iterations: 20 (autodetect)
[00:04:28 -8645.020471] Model parameter optimization (eps = 3.000000)
[00:04:28 -8640.165857] FAST spr round 1 (radius: 20)
[00:04:30 -8599.017067] FAST spr round 2 (radius: 20)
[00:04:31 -8594.371900] FAST spr round 3 (radius: 20)
[00:04:32 -8594.316598] Model parameter optimization (eps = 1.000000)
[00:04:32 -8592.934099] SLOW spr round 1 (radius: 5)
[00:04:35 -8587.673610] SLOW spr round 2 (radius: 5)
[00:04:37 -8587.463761] SLOW spr round 3 (radius: 5)
[00:04:40 -8587.098040] SLOW spr round 4 (radius: 5)
[00:04:43 -8587.096894] SLOW spr round 5 (radius: 10)
[00:04:46 -8582.583378] SLOW spr round 6 (radius: 5)
[00:04:49 -8582.533047] SLOW spr round 7 (radius: 10)
[00:04:52 -8582.532989] SLOW spr round 8 (radius: 15)
[00:04:55 -8582.249631] SLOW spr round 9 (radius: 5)
[00:04:59 -8581.327952] SLOW spr round 10 (radius: 5)
[00:05:02 -8581.327338] SLOW spr round 11 (radius: 10)
[00:05:05 -8581.292613] SLOW spr round 12 (radius: 15)
[00:05:08 -8580.185867] SLOW spr round 13 (radius: 5)
[00:05:11 -8580.177916] SLOW spr round 14 (radius: 10)
[00:05:15 -8580.176486] SLOW spr round 15 (radius: 15)
[00:05:18 -8579.213185] SLOW spr round 16 (radius: 5)
[00:05:21 -8578.671341] SLOW spr round 17 (radius: 5)
[00:05:24 -8578.670507] SLOW spr round 18 (radius: 10)
[00:05:27 -8578.670416] SLOW spr round 19 (radius: 15)
[00:05:30 -8578.670381] SLOW spr round 20 (radius: 20)
[00:05:33 -8578.670367] SLOW spr round 21 (radius: 25)
[00:05:34 -8578.670361] Model parameter optimization (eps = 0.100000)

[00:05:34] ML tree search #5, logLikelihood: -8577.340080

[00:05:34 -10225.939384] Initial branch length optimization
[00:05:34 -9294.018127] Model parameter optimization (eps = 10.000000)
[00:05:35 -8989.520365] AUTODETECT spr round 1 (radius: 5)
[00:05:35 -8842.548665] AUTODETECT spr round 2 (radius: 10)
[00:05:36 -8724.161596] AUTODETECT spr round 3 (radius: 15)
[00:05:37 -8647.720657] AUTODETECT spr round 4 (radius: 20)
[00:05:37 -8646.511604] AUTODETECT spr round 5 (radius: 25)
[00:05:37 -8646.463087] SPR radius for FAST iterations: 20 (autodetect)
[00:05:37 -8646.463087] Model parameter optimization (eps = 3.000000)
[00:05:37 -8636.150320] FAST spr round 1 (radius: 20)
[00:05:39 -8599.067206] FAST spr round 2 (radius: 20)
[00:05:40 -8589.026666] FAST spr round 3 (radius: 20)
[00:05:41 -8589.023552] Model parameter optimization (eps = 1.000000)
[00:05:41 -8586.752632] SLOW spr round 1 (radius: 5)
[00:05:44 -8583.411178] SLOW spr round 2 (radius: 5)
[00:05:46 -8582.418614] SLOW spr round 3 (radius: 5)
[00:05:48 -8582.417039] SLOW spr round 4 (radius: 10)
[00:05:51 -8582.316628] SLOW spr round 5 (radius: 5)
[00:05:54 -8582.195634] SLOW spr round 6 (radius: 5)
[00:05:56 -8582.194171] SLOW spr round 7 (radius: 10)
[00:05:59 -8581.962293] SLOW spr round 8 (radius: 5)
[00:06:02 -8581.920324] SLOW spr round 9 (radius: 10)
[00:06:06 -8581.920198] SLOW spr round 10 (radius: 15)
[00:06:10 -8581.920149] SLOW spr round 11 (radius: 20)
[00:06:12 -8581.920121] SLOW spr round 12 (radius: 25)
[00:06:12 -8581.920104] Model parameter optimization (eps = 0.100000)

[00:06:12] ML tree search #6, logLikelihood: -8581.426871

[00:06:12 -10418.286499] Initial branch length optimization
[00:06:12 -9314.994021] Model parameter optimization (eps = 10.000000)
[00:06:13 -9001.521956] AUTODETECT spr round 1 (radius: 5)
[00:06:14 -8826.345598] AUTODETECT spr round 2 (radius: 10)
[00:06:14 -8678.875648] AUTODETECT spr round 3 (radius: 15)
[00:06:15 -8661.106418] AUTODETECT spr round 4 (radius: 20)
[00:06:15 -8659.405869] AUTODETECT spr round 5 (radius: 25)
[00:06:16 -8659.360328] SPR radius for FAST iterations: 20 (autodetect)
[00:06:16 -8659.360328] Model parameter optimization (eps = 3.000000)
[00:06:16 -8651.924534] FAST spr round 1 (radius: 20)
[00:06:18 -8613.483654] FAST spr round 2 (radius: 20)
[00:06:19 -8603.237074] FAST spr round 3 (radius: 20)
[00:06:20 -8602.022183] FAST spr round 4 (radius: 20)
[00:06:21 -8601.191447] FAST spr round 5 (radius: 20)
[00:06:21 -8600.974700] FAST spr round 6 (radius: 20)
[00:06:22 -8600.968539] Model parameter optimization (eps = 1.000000)
[00:06:23 -8599.469376] SLOW spr round 1 (radius: 5)
[00:06:25 -8596.545186] SLOW spr round 2 (radius: 5)
[00:06:28 -8596.544642] SLOW spr round 3 (radius: 10)
[00:06:32 -8595.037365] SLOW spr round 4 (radius: 5)
[00:06:35 -8593.337670] SLOW spr round 5 (radius: 5)
[00:06:38 -8593.336596] SLOW spr round 6 (radius: 10)
[00:06:41 -8590.908435] SLOW spr round 7 (radius: 5)
[00:06:45 -8590.044355] SLOW spr round 8 (radius: 5)
[00:06:47 -8590.044253] SLOW spr round 9 (radius: 10)
[00:06:51 -8589.898947] SLOW spr round 10 (radius: 5)
[00:06:54 -8589.898600] SLOW spr round 11 (radius: 10)
[00:06:58 -8589.898465] SLOW spr round 12 (radius: 15)
[00:07:02 -8589.847961] SLOW spr round 13 (radius: 20)
[00:07:03 -8589.833148] SLOW spr round 14 (radius: 25)
[00:07:04 -8589.828069] Model parameter optimization (eps = 0.100000)

[00:07:04] ML tree search #7, logLikelihood: -8589.000292

[00:07:04 -10314.411790] Initial branch length optimization
[00:07:04 -9306.625442] Model parameter optimization (eps = 10.000000)
[00:07:04 -8990.887046] AUTODETECT spr round 1 (radius: 5)
[00:07:05 -8773.245111] AUTODETECT spr round 2 (radius: 10)
[00:07:06 -8699.905445] AUTODETECT spr round 3 (radius: 15)
[00:07:06 -8659.306710] AUTODETECT spr round 4 (radius: 20)
[00:07:07 -8651.302971] AUTODETECT spr round 5 (radius: 25)
[00:07:07 -8651.275500] SPR radius for FAST iterations: 20 (autodetect)
[00:07:07 -8651.275500] Model parameter optimization (eps = 3.000000)
[00:07:07 -8641.459020] FAST spr round 1 (radius: 20)
[00:07:09 -8605.352451] FAST spr round 2 (radius: 20)
[00:07:10 -8602.734959] FAST spr round 3 (radius: 20)
[00:07:11 -8599.138103] FAST spr round 4 (radius: 20)
[00:07:12 -8595.941087] FAST spr round 5 (radius: 20)
[00:07:12 -8593.288364] FAST spr round 6 (radius: 20)
[00:07:13 -8593.283484] Model parameter optimization (eps = 1.000000)
[00:07:14 -8592.015185] SLOW spr round 1 (radius: 5)
[00:07:16 -8591.948027] SLOW spr round 2 (radius: 10)
[00:07:19 -8591.867917] SLOW spr round 3 (radius: 15)
[00:07:23 -8589.743160] SLOW spr round 4 (radius: 5)
[00:07:26 -8589.572767] SLOW spr round 5 (radius: 5)
[00:07:29 -8589.570458] SLOW spr round 6 (radius: 10)
[00:07:32 -8589.569938] SLOW spr round 7 (radius: 15)
[00:07:37 -8589.569777] SLOW spr round 8 (radius: 20)
[00:07:39 -8589.569727] SLOW spr round 9 (radius: 25)
[00:07:40 -8589.569711] Model parameter optimization (eps = 0.100000)

[00:07:40] ML tree search #8, logLikelihood: -8589.249085

[00:07:40 -10215.303340] Initial branch length optimization
[00:07:40 -9318.921696] Model parameter optimization (eps = 10.000000)
[00:07:40 -9002.230364] AUTODETECT spr round 1 (radius: 5)
[00:07:41 -8801.543410] AUTODETECT spr round 2 (radius: 10)
[00:07:42 -8689.384621] AUTODETECT spr round 3 (radius: 15)
[00:07:43 -8672.463927] AUTODETECT spr round 4 (radius: 20)
[00:07:43 -8665.953960] AUTODETECT spr round 5 (radius: 25)
[00:07:43 -8665.926782] SPR radius for FAST iterations: 20 (autodetect)
[00:07:43 -8665.926782] Model parameter optimization (eps = 3.000000)
[00:07:43 -8657.346799] FAST spr round 1 (radius: 20)
[00:07:45 -8596.867469] FAST spr round 2 (radius: 20)
[00:07:46 -8593.221268] FAST spr round 3 (radius: 20)
[00:07:46 -8593.109067] FAST spr round 4 (radius: 20)
[00:07:47 -8593.106177] Model parameter optimization (eps = 1.000000)
[00:07:47 -8591.278505] SLOW spr round 1 (radius: 5)
[00:07:50 -8591.147320] SLOW spr round 2 (radius: 5)
[00:07:53 -8591.144724] SLOW spr round 3 (radius: 10)
[00:07:55 -8589.294210] SLOW spr round 4 (radius: 5)
[00:07:59 -8587.967858] SLOW spr round 5 (radius: 5)
[00:08:01 -8587.967152] SLOW spr round 6 (radius: 10)
[00:08:04 -8587.967062] SLOW spr round 7 (radius: 15)
[00:08:08 -8586.071599] SLOW spr round 8 (radius: 5)
[00:08:12 -8583.802189] SLOW spr round 9 (radius: 5)
[00:08:14 -8583.782948] SLOW spr round 10 (radius: 10)
[00:08:17 -8583.782321] SLOW spr round 11 (radius: 15)
[00:08:21 -8583.333098] SLOW spr round 12 (radius: 5)
[00:08:24 -8583.309305] SLOW spr round 13 (radius: 10)
[00:08:28 -8583.309146] SLOW spr round 14 (radius: 15)
[00:08:32 -8583.012346] SLOW spr round 15 (radius: 5)
[00:08:35 -8582.804999] SLOW spr round 16 (radius: 5)
[00:08:38 -8582.637488] SLOW spr round 17 (radius: 5)
[00:08:40 -8582.623181] SLOW spr round 18 (radius: 10)
[00:08:43 -8582.621957] SLOW spr round 19 (radius: 15)
[00:08:47 -8582.621712] SLOW spr round 20 (radius: 20)
[00:08:49 -8582.297590] SLOW spr round 21 (radius: 5)
[00:08:53 -8582.292369] SLOW spr round 22 (radius: 10)
[00:08:55 -8582.291025] SLOW spr round 23 (radius: 15)
[00:08:59 -8582.290652] SLOW spr round 24 (radius: 20)
[00:09:02 -8582.290549] SLOW spr round 25 (radius: 25)
[00:09:03 -8582.290520] Model parameter optimization (eps = 0.100000)

[00:09:03] ML tree search #9, logLikelihood: -8581.498871

[00:09:03 -10313.336723] Initial branch length optimization
[00:09:03 -9310.238081] Model parameter optimization (eps = 10.000000)
[00:09:04 -8999.673712] AUTODETECT spr round 1 (radius: 5)
[00:09:04 -8849.910932] AUTODETECT spr round 2 (radius: 10)
[00:09:05 -8734.783807] AUTODETECT spr round 3 (radius: 15)
[00:09:06 -8687.763163] AUTODETECT spr round 4 (radius: 20)
[00:09:06 -8685.521903] AUTODETECT spr round 5 (radius: 25)
[00:09:06 -8685.504301] SPR radius for FAST iterations: 20 (autodetect)
[00:09:06 -8685.504301] Model parameter optimization (eps = 3.000000)
[00:09:06 -8677.910190] FAST spr round 1 (radius: 20)
[00:09:08 -8599.291655] FAST spr round 2 (radius: 20)
[00:09:09 -8594.272839] FAST spr round 3 (radius: 20)
[00:09:10 -8593.425893] FAST spr round 4 (radius: 20)
[00:09:11 -8592.996285] FAST spr round 5 (radius: 20)
[00:09:12 -8592.899159] Model parameter optimization (eps = 1.000000)
[00:09:12 -8590.225877] SLOW spr round 1 (radius: 5)
[00:09:15 -8588.622811] SLOW spr round 2 (radius: 5)
[00:09:17 -8588.543496] SLOW spr round 3 (radius: 10)
[00:09:20 -8587.857183] SLOW spr round 4 (radius: 5)
[00:09:24 -8587.857060] SLOW spr round 5 (radius: 10)
[00:09:27 -8587.730550] SLOW spr round 6 (radius: 5)
[00:09:31 -8587.682160] SLOW spr round 7 (radius: 10)
[00:09:34 -8587.520964] SLOW spr round 8 (radius: 5)
[00:09:38 -8587.504032] SLOW spr round 9 (radius: 10)
[00:09:41 -8587.501443] SLOW spr round 10 (radius: 15)
[00:09:45 -8586.042596] SLOW spr round 11 (radius: 5)
[00:09:49 -8586.040000] SLOW spr round 12 (radius: 10)
[00:09:53 -8586.039374] SLOW spr round 13 (radius: 15)
[00:09:56 -8586.039132] SLOW spr round 14 (radius: 20)
[00:09:57 -8586.039030] SLOW spr round 15 (radius: 25)
[00:09:57 -8586.038985] Model parameter optimization (eps = 0.100000)

[00:09:58] ML tree search #10, logLikelihood: -8585.653998

[00:09:58 -9395.811382] Initial branch length optimization
[00:09:58 -9013.014085] Model parameter optimization (eps = 10.000000)
[00:09:58 -8726.125448] AUTODETECT spr round 1 (radius: 5)
[00:09:59 -8651.623553] AUTODETECT spr round 2 (radius: 10)
[00:09:59 -8616.959620] AUTODETECT spr round 3 (radius: 15)
[00:10:00 -8607.809372] AUTODETECT spr round 4 (radius: 20)
[00:10:00 -8607.797869] SPR radius for FAST iterations: 15 (autodetect)
[00:10:00 -8607.797869] Model parameter optimization (eps = 3.000000)
[00:10:00 -8606.726585] FAST spr round 1 (radius: 15)
[00:10:02 -8588.857730] FAST spr round 2 (radius: 15)
[00:10:03 -8584.121948] FAST spr round 3 (radius: 15)
[00:10:03 -8580.568664] FAST spr round 4 (radius: 15)
[00:10:04 -8580.567996] Model parameter optimization (eps = 1.000000)
[00:10:04 -8580.141927] SLOW spr round 1 (radius: 5)
[00:10:07 -8577.715042] SLOW spr round 2 (radius: 5)
[00:10:09 -8577.615327] SLOW spr round 3 (radius: 10)
[00:10:12 -8577.614810] SLOW spr round 4 (radius: 15)
[00:10:15 -8577.614712] SLOW spr round 5 (radius: 20)
[00:10:18 -8577.614694] SLOW spr round 6 (radius: 25)
[00:10:19 -8577.614691] Model parameter optimization (eps = 0.100000)

[00:10:19] ML tree search #11, logLikelihood: -8577.533805

[00:10:19 -9512.101909] Initial branch length optimization
[00:10:19 -9059.008328] Model parameter optimization (eps = 10.000000)
[00:10:19 -8768.680598] AUTODETECT spr round 1 (radius: 5)
[00:10:20 -8666.079970] AUTODETECT spr round 2 (radius: 10)
[00:10:21 -8638.135502] AUTODETECT spr round 3 (radius: 15)
[00:10:21 -8630.212847] AUTODETECT spr round 4 (radius: 20)
[00:10:22 -8623.373697] AUTODETECT spr round 5 (radius: 25)
[00:10:22 -8623.350616] SPR radius for FAST iterations: 20 (autodetect)
[00:10:22 -8623.350616] Model parameter optimization (eps = 3.000000)
[00:10:22 -8620.947861] FAST spr round 1 (radius: 20)
[00:10:23 -8597.608718] FAST spr round 2 (radius: 20)
[00:10:25 -8594.450972] FAST spr round 3 (radius: 20)
[00:10:26 -8587.535894] FAST spr round 4 (radius: 20)
[00:10:26 -8581.041962] FAST spr round 5 (radius: 20)
[00:10:27 -8577.045617] FAST spr round 6 (radius: 20)
[00:10:28 -8575.960654] FAST spr round 7 (radius: 20)
[00:10:29 -8575.958350] Model parameter optimization (eps = 1.000000)
[00:10:29 -8575.232921] SLOW spr round 1 (radius: 5)
[00:10:32 -8575.120990] SLOW spr round 2 (radius: 5)
[00:10:34 -8575.120801] SLOW spr round 3 (radius: 10)
[00:10:37 -8575.120747] SLOW spr round 4 (radius: 15)
[00:10:40 -8574.186897] SLOW spr round 5 (radius: 5)
[00:10:43 -8574.184199] SLOW spr round 6 (radius: 10)
[00:10:46 -8574.184064] SLOW spr round 7 (radius: 15)
[00:10:49 -8574.184037] SLOW spr round 8 (radius: 20)
[00:10:52 -8574.184028] SLOW spr round 9 (radius: 25)
[00:10:53 -8574.184025] Model parameter optimization (eps = 0.100000)

[00:10:53] ML tree search #12, logLikelihood: -8574.100195

[00:10:53 -9347.639458] Initial branch length optimization
[00:10:53 -8961.997108] Model parameter optimization (eps = 10.000000)
[00:10:54 -8674.843009] AUTODETECT spr round 1 (radius: 5)
[00:10:54 -8622.729583] AUTODETECT spr round 2 (radius: 10)
[00:10:55 -8613.339728] AUTODETECT spr round 3 (radius: 15)
[00:10:55 -8610.364673] AUTODETECT spr round 4 (radius: 20)
[00:10:56 -8610.293657] SPR radius for FAST iterations: 15 (autodetect)
[00:10:56 -8610.293657] Model parameter optimization (eps = 3.000000)
[00:10:56 -8608.935358] FAST spr round 1 (radius: 15)
[00:10:57 -8594.401691] FAST spr round 2 (radius: 15)
[00:10:58 -8589.148581] FAST spr round 3 (radius: 15)
[00:10:59 -8588.933768] FAST spr round 4 (radius: 15)
[00:11:00 -8588.932677] Model parameter optimization (eps = 1.000000)
[00:11:00 -8588.632688] SLOW spr round 1 (radius: 5)
[00:11:02 -8587.242187] SLOW spr round 2 (radius: 5)
[00:11:05 -8586.766999] SLOW spr round 3 (radius: 5)
[00:11:07 -8586.763838] SLOW spr round 4 (radius: 10)
[00:11:10 -8586.723864] SLOW spr round 5 (radius: 15)
[00:11:14 -8586.721516] SLOW spr round 6 (radius: 20)
[00:11:15 -8586.062628] SLOW spr round 7 (radius: 5)
[00:11:19 -8586.018641] SLOW spr round 8 (radius: 10)
[00:11:23 -8585.945664] SLOW spr round 9 (radius: 15)
[00:11:26 -8585.944806] SLOW spr round 10 (radius: 20)
[00:11:28 -8585.944694] SLOW spr round 11 (radius: 25)
[00:11:29 -8585.944664] Model parameter optimization (eps = 0.100000)

[00:11:29] ML tree search #13, logLikelihood: -8585.854027

[00:11:29 -9533.913511] Initial branch length optimization
[00:11:29 -9080.017868] Model parameter optimization (eps = 10.000000)
[00:11:30 -8777.874347] AUTODETECT spr round 1 (radius: 5)
[00:11:30 -8668.616253] AUTODETECT spr round 2 (radius: 10)
[00:11:31 -8624.828587] AUTODETECT spr round 3 (radius: 15)
[00:11:31 -8616.712199] AUTODETECT spr round 4 (radius: 20)
[00:11:32 -8613.456857] AUTODETECT spr round 5 (radius: 25)
[00:11:32 -8611.940095] SPR radius for FAST iterations: 25 (autodetect)
[00:11:32 -8611.940095] Model parameter optimization (eps = 3.000000)
[00:11:32 -8608.365989] FAST spr round 1 (radius: 25)
[00:11:34 -8598.180159] FAST spr round 2 (radius: 25)
[00:11:35 -8594.377273] FAST spr round 3 (radius: 25)
[00:11:36 -8594.295971] Model parameter optimization (eps = 1.000000)
[00:11:36 -8594.078857] SLOW spr round 1 (radius: 5)
[00:11:38 -8593.099385] SLOW spr round 2 (radius: 5)
[00:11:41 -8593.088949] SLOW spr round 3 (radius: 10)
[00:11:44 -8592.671069] SLOW spr round 4 (radius: 5)
[00:11:47 -8592.654506] SLOW spr round 5 (radius: 10)
[00:11:50 -8592.653343] SLOW spr round 6 (radius: 15)
[00:11:54 -8592.340230] SLOW spr round 7 (radius: 5)
[00:11:57 -8592.307405] SLOW spr round 8 (radius: 10)
[00:12:01 -8591.954226] SLOW spr round 9 (radius: 5)
[00:12:04 -8591.947740] SLOW spr round 10 (radius: 10)
[00:12:07 -8591.946244] SLOW spr round 11 (radius: 15)
[00:12:11 -8591.945572] SLOW spr round 12 (radius: 20)
[00:12:12 -8589.904730] SLOW spr round 13 (radius: 5)
[00:12:16 -8589.195833] SLOW spr round 14 (radius: 5)
[00:12:19 -8588.684178] SLOW spr round 15 (radius: 5)
[00:12:22 -8588.683757] SLOW spr round 16 (radius: 10)
[00:12:25 -8588.607835] SLOW spr round 17 (radius: 15)
[00:12:28 -8588.239852] SLOW spr round 18 (radius: 5)
[00:12:32 -8588.233786] SLOW spr round 19 (radius: 10)
[00:12:35 -8588.232162] SLOW spr round 20 (radius: 15)
[00:12:39 -8588.231513] SLOW spr round 21 (radius: 20)
[00:12:41 -8588.231207] SLOW spr round 22 (radius: 25)
[00:12:41 -8588.231056] Model parameter optimization (eps = 0.100000)

[00:12:42] ML tree search #14, logLikelihood: -8588.156338

[00:12:42 -9510.543618] Initial branch length optimization
[00:12:42 -9026.424273] Model parameter optimization (eps = 10.000000)
[00:12:42 -8735.112440] AUTODETECT spr round 1 (radius: 5)
[00:12:43 -8646.938439] AUTODETECT spr round 2 (radius: 10)
[00:12:43 -8622.067094] AUTODETECT spr round 3 (radius: 15)
[00:12:44 -8616.536254] AUTODETECT spr round 4 (radius: 20)
[00:12:44 -8613.254572] AUTODETECT spr round 5 (radius: 25)
[00:12:45 -8613.247456] SPR radius for FAST iterations: 20 (autodetect)
[00:12:45 -8613.247456] Model parameter optimization (eps = 3.000000)
[00:12:45 -8608.130175] FAST spr round 1 (radius: 20)
[00:12:46 -8591.447571] FAST spr round 2 (radius: 20)
[00:12:47 -8583.418670] FAST spr round 3 (radius: 20)
[00:12:48 -8580.721820] FAST spr round 4 (radius: 20)
[00:12:49 -8580.205059] FAST spr round 5 (radius: 20)
[00:12:50 -8577.906305] FAST spr round 6 (radius: 20)
[00:12:51 -8577.905575] Model parameter optimization (eps = 1.000000)
[00:12:51 -8577.705810] SLOW spr round 1 (radius: 5)
[00:12:53 -8577.175885] SLOW spr round 2 (radius: 5)
[00:12:55 -8577.171874] SLOW spr round 3 (radius: 10)
[00:12:58 -8577.171024] SLOW spr round 4 (radius: 15)
[00:13:01 -8577.059631] SLOW spr round 5 (radius: 5)
[00:13:05 -8577.052373] SLOW spr round 6 (radius: 10)
[00:13:08 -8576.936091] SLOW spr round 7 (radius: 5)
[00:13:11 -8576.388538] SLOW spr round 8 (radius: 5)
[00:13:14 -8576.386625] SLOW spr round 9 (radius: 10)
[00:13:16 -8576.386327] SLOW spr round 10 (radius: 15)
[00:13:19 -8575.804056] SLOW spr round 11 (radius: 5)
[00:13:22 -8575.803720] SLOW spr round 12 (radius: 10)
[00:13:25 -8575.803672] SLOW spr round 13 (radius: 15)
[00:13:28 -8575.803660] SLOW spr round 14 (radius: 20)
[00:13:31 -8575.803657] SLOW spr round 15 (radius: 25)
[00:13:32 -8575.803657] Model parameter optimization (eps = 0.100000)

[00:13:32] ML tree search #15, logLikelihood: -8575.719392

[00:13:32 -9425.624077] Initial branch length optimization
[00:13:32 -9015.283691] Model parameter optimization (eps = 10.000000)
[00:13:33 -8717.316437] AUTODETECT spr round 1 (radius: 5)
[00:13:33 -8656.113717] AUTODETECT spr round 2 (radius: 10)
[00:13:34 -8632.408247] AUTODETECT spr round 3 (radius: 15)
[00:13:35 -8618.562225] AUTODETECT spr round 4 (radius: 20)
[00:13:35 -8618.517682] SPR radius for FAST iterations: 15 (autodetect)
[00:13:35 -8618.517682] Model parameter optimization (eps = 3.000000)
[00:13:35 -8617.385745] FAST spr round 1 (radius: 15)
[00:13:36 -8600.661710] FAST spr round 2 (radius: 15)
[00:13:37 -8599.559225] FAST spr round 3 (radius: 15)
[00:13:38 -8598.296701] FAST spr round 4 (radius: 15)
[00:13:39 -8598.261711] Model parameter optimization (eps = 1.000000)
[00:13:39 -8598.007354] SLOW spr round 1 (radius: 5)
[00:13:41 -8595.353764] SLOW spr round 2 (radius: 5)
[00:13:44 -8595.351240] SLOW spr round 3 (radius: 10)
[00:13:46 -8591.735381] SLOW spr round 4 (radius: 5)
[00:13:49 -8590.092391] SLOW spr round 5 (radius: 5)
[00:13:52 -8589.360439] SLOW spr round 6 (radius: 5)
[00:13:54 -8589.251563] SLOW spr round 7 (radius: 5)
[00:13:56 -8589.250429] SLOW spr round 8 (radius: 10)
[00:13:58 -8588.360948] SLOW spr round 9 (radius: 5)
[00:14:02 -8583.722008] SLOW spr round 10 (radius: 5)
[00:14:04 -8583.638594] SLOW spr round 11 (radius: 10)
[00:14:07 -8579.395774] SLOW spr round 12 (radius: 5)
[00:14:10 -8579.205612] SLOW spr round 13 (radius: 5)
[00:14:13 -8579.205267] SLOW spr round 14 (radius: 10)
[00:14:15 -8579.205192] SLOW spr round 15 (radius: 15)
[00:14:19 -8579.161634] SLOW spr round 16 (radius: 20)
[00:14:21 -8579.155677] SLOW spr round 17 (radius: 25)
[00:14:22 -8579.154730] Model parameter optimization (eps = 0.100000)

[00:14:23] ML tree search #16, logLikelihood: -8578.801081

[00:14:23 -9492.073413] Initial branch length optimization
[00:14:23 -9035.188537] Model parameter optimization (eps = 10.000000)
[00:14:23 -8750.587432] AUTODETECT spr round 1 (radius: 5)
[00:14:24 -8655.453374] AUTODETECT spr round 2 (radius: 10)
[00:14:24 -8619.614150] AUTODETECT spr round 3 (radius: 15)
[00:14:25 -8617.185839] AUTODETECT spr round 4 (radius: 20)
[00:14:25 -8617.142131] SPR radius for FAST iterations: 15 (autodetect)
[00:14:25 -8617.142131] Model parameter optimization (eps = 3.000000)
[00:14:25 -8615.139849] FAST spr round 1 (radius: 15)
[00:14:27 -8594.771750] FAST spr round 2 (radius: 15)
[00:14:28 -8587.271407] FAST spr round 3 (radius: 15)
[00:14:29 -8587.268837] Model parameter optimization (eps = 1.000000)
[00:14:29 -8586.680908] SLOW spr round 1 (radius: 5)
[00:14:31 -8585.712643] SLOW spr round 2 (radius: 5)
[00:14:33 -8585.474907] SLOW spr round 3 (radius: 5)
[00:14:36 -8585.469629] SLOW spr round 4 (radius: 10)
[00:14:38 -8585.121653] SLOW spr round 5 (radius: 5)
[00:14:42 -8584.830501] SLOW spr round 6 (radius: 5)
[00:14:44 -8583.583424] SLOW spr round 7 (radius: 5)
[00:14:47 -8583.578608] SLOW spr round 8 (radius: 10)
[00:14:50 -8582.293081] SLOW spr round 9 (radius: 5)
[00:14:53 -8580.963832] SLOW spr round 10 (radius: 5)
[00:14:56 -8580.704822] SLOW spr round 11 (radius: 5)
[00:14:58 -8580.703760] SLOW spr round 12 (radius: 10)
[00:15:01 -8580.605128] SLOW spr round 13 (radius: 15)
[00:15:05 -8579.600196] SLOW spr round 14 (radius: 5)
[00:15:08 -8579.506076] SLOW spr round 15 (radius: 10)
[00:15:12 -8579.391923] SLOW spr round 16 (radius: 5)
[00:15:15 -8579.353630] SLOW spr round 17 (radius: 10)
[00:15:18 -8579.352199] SLOW spr round 18 (radius: 15)
[00:15:22 -8579.351667] SLOW spr round 19 (radius: 20)
[00:15:24 -8579.233994] SLOW spr round 20 (radius: 5)
[00:15:28 -8579.206029] SLOW spr round 21 (radius: 10)
[00:15:31 -8579.203839] SLOW spr round 22 (radius: 15)
[00:15:35 -8579.203377] SLOW spr round 23 (radius: 20)
[00:15:37 -8579.203259] SLOW spr round 24 (radius: 25)
[00:15:38 -8579.203220] Model parameter optimization (eps = 0.100000)

[00:15:38] ML tree search #17, logLikelihood: -8578.752017

[00:15:38 -9449.607260] Initial branch length optimization
[00:15:38 -9011.289660] Model parameter optimization (eps = 10.000000)
[00:15:38 -8720.623477] AUTODETECT spr round 1 (radius: 5)
[00:15:39 -8662.600558] AUTODETECT spr round 2 (radius: 10)
[00:15:40 -8643.711671] AUTODETECT spr round 3 (radius: 15)
[00:15:40 -8635.109425] AUTODETECT spr round 4 (radius: 20)
[00:15:40 -8635.077419] SPR radius for FAST iterations: 15 (autodetect)
[00:15:40 -8635.077419] Model parameter optimization (eps = 3.000000)
[00:15:41 -8633.015212] FAST spr round 1 (radius: 15)
[00:15:42 -8598.015867] FAST spr round 2 (radius: 15)
[00:15:43 -8591.907260] FAST spr round 3 (radius: 15)
[00:15:44 -8591.846740] Model parameter optimization (eps = 1.000000)
[00:15:44 -8591.256350] SLOW spr round 1 (radius: 5)
[00:15:47 -8586.744422] SLOW spr round 2 (radius: 5)
[00:15:50 -8585.505567] SLOW spr round 3 (radius: 5)
[00:15:51 -8585.015586] SLOW spr round 4 (radius: 5)
[00:15:54 -8585.012429] SLOW spr round 5 (radius: 10)
[00:15:56 -8583.516104] SLOW spr round 6 (radius: 5)
[00:16:00 -8583.288465] SLOW spr round 7 (radius: 5)
[00:16:02 -8583.286247] SLOW spr round 8 (radius: 10)
[00:16:05 -8583.285715] SLOW spr round 9 (radius: 15)
[00:16:09 -8582.394256] SLOW spr round 10 (radius: 5)
[00:16:12 -8582.381627] SLOW spr round 11 (radius: 10)
[00:16:16 -8582.355451] SLOW spr round 12 (radius: 15)
[00:16:19 -8581.666358] SLOW spr round 13 (radius: 5)
[00:16:23 -8581.665205] SLOW spr round 14 (radius: 10)
[00:16:27 -8581.665042] SLOW spr round 15 (radius: 15)
[00:16:30 -8581.665014] SLOW spr round 16 (radius: 20)
[00:16:31 -8581.665010] SLOW spr round 17 (radius: 25)
[00:16:31 -8581.665009] Model parameter optimization (eps = 0.100000)

[00:16:32] ML tree search #18, logLikelihood: -8581.341494

[00:16:32 -9476.508794] Initial branch length optimization
[00:16:32 -9024.861163] Model parameter optimization (eps = 10.000000)
[00:16:32 -8738.779160] AUTODETECT spr round 1 (radius: 5)
[00:16:33 -8658.334086] AUTODETECT spr round 2 (radius: 10)
[00:16:33 -8626.268936] AUTODETECT spr round 3 (radius: 15)
[00:16:34 -8621.402767] AUTODETECT spr round 4 (radius: 20)
[00:16:34 -8621.373479] SPR radius for FAST iterations: 15 (autodetect)
[00:16:34 -8621.373479] Model parameter optimization (eps = 3.000000)
[00:16:34 -8618.796596] FAST spr round 1 (radius: 15)
[00:16:36 -8594.822917] FAST spr round 2 (radius: 15)
[00:16:37 -8591.121386] FAST spr round 3 (radius: 15)
[00:16:38 -8590.278589] FAST spr round 4 (radius: 15)
[00:16:39 -8589.550802] FAST spr round 5 (radius: 15)
[00:16:39 -8589.548024] Model parameter optimization (eps = 1.000000)
[00:16:40 -8588.969011] SLOW spr round 1 (radius: 5)
[00:16:42 -8588.578022] SLOW spr round 2 (radius: 5)
[00:16:45 -8588.557077] SLOW spr round 3 (radius: 10)
[00:16:49 -8586.663847] SLOW spr round 4 (radius: 5)
[00:16:52 -8586.457699] SLOW spr round 5 (radius: 5)
[00:16:55 -8586.456410] SLOW spr round 6 (radius: 10)
[00:16:58 -8585.459013] SLOW spr round 7 (radius: 5)
[00:17:02 -8584.044025] SLOW spr round 8 (radius: 5)
[00:17:05 -8584.041801] SLOW spr round 9 (radius: 10)
[00:17:08 -8584.041139] SLOW spr round 10 (radius: 15)
[00:17:11 -8583.711770] SLOW spr round 11 (radius: 5)
[00:17:14 -8583.706827] SLOW spr round 12 (radius: 10)
[00:17:17 -8583.706609] SLOW spr round 13 (radius: 15)
[00:17:20 -8583.706562] SLOW spr round 14 (radius: 20)
[00:17:22 -8581.193444] SLOW spr round 15 (radius: 5)
[00:17:26 -8581.181736] SLOW spr round 16 (radius: 10)
[00:17:30 -8581.179069] SLOW spr round 17 (radius: 15)
[00:17:33 -8581.178351] SLOW spr round 18 (radius: 20)
[00:17:35 -8581.178151] SLOW spr round 19 (radius: 25)
[00:17:36 -8581.178092] Model parameter optimization (eps = 0.100000)

[00:17:36] ML tree search #19, logLikelihood: -8580.836410

[00:17:36 -9462.376936] Initial branch length optimization
[00:17:36 -9038.025306] Model parameter optimization (eps = 10.000000)
[00:17:37 -8740.535339] AUTODETECT spr round 1 (radius: 5)
[00:17:37 -8650.904779] AUTODETECT spr round 2 (radius: 10)
[00:17:38 -8621.810516] AUTODETECT spr round 3 (radius: 15)
[00:17:38 -8618.652541] AUTODETECT spr round 4 (radius: 20)
[00:17:39 -8616.999215] AUTODETECT spr round 5 (radius: 25)
[00:17:39 -8616.993931] SPR radius for FAST iterations: 20 (autodetect)
[00:17:39 -8616.993931] Model parameter optimization (eps = 3.000000)
[00:17:39 -8615.600834] FAST spr round 1 (radius: 20)
[00:17:40 -8598.463670] FAST spr round 2 (radius: 20)
[00:17:41 -8595.030420] FAST spr round 3 (radius: 20)
[00:17:42 -8594.779203] FAST spr round 4 (radius: 20)
[00:17:43 -8594.635904] FAST spr round 5 (radius: 20)
[00:17:44 -8593.968284] FAST spr round 6 (radius: 20)
[00:17:44 -8593.955894] Model parameter optimization (eps = 1.000000)
[00:17:44 -8593.356770] SLOW spr round 1 (radius: 5)
[00:17:47 -8585.216673] SLOW spr round 2 (radius: 5)
[00:17:50 -8582.732459] SLOW spr round 3 (radius: 5)
[00:17:52 -8579.922854] SLOW spr round 4 (radius: 5)
[00:17:54 -8579.916623] SLOW spr round 5 (radius: 10)
[00:17:57 -8577.138669] SLOW spr round 6 (radius: 5)
[00:18:00 -8575.361953] SLOW spr round 7 (radius: 5)
[00:18:03 -8575.358821] SLOW spr round 8 (radius: 10)
[00:18:05 -8574.141222] SLOW spr round 9 (radius: 5)
[00:18:08 -8574.140434] SLOW spr round 10 (radius: 10)
[00:18:11 -8574.140316] SLOW spr round 11 (radius: 15)
[00:18:14 -8574.140285] SLOW spr round 12 (radius: 20)
[00:18:17 -8574.140276] SLOW spr round 13 (radius: 25)
[00:18:18 -8574.140274] Model parameter optimization (eps = 0.100000)

[00:18:19] ML tree search #20, logLikelihood: -8573.874648


Optimized model parameters:

   Partition 0: noname
   Rate heterogeneity: GAMMA (4 cats, mean),  alpha: 3.356886 (ML),  weights&rates: (0.250000,0.415116) (0.250000,0.749552) (0.250000,1.083789) (0.250000,1.751544) 
   Base frequencies (ML): 0.303559 0.132302 0.229068 0.335071 
   Substitution rates (ML): 1.572844 3.250017 1.083631 1.642109 3.689937 1.000000 


Final LogLikelihood: -8573.874648

AIC score: 17479.749296 / AICc score: 17531.133912 / BIC score: 18330.946450
Free parameters (model + branch lengths): 166

Best ML tree saved to: /home/merrittp/EEOB563-FinalProject/insertion_phylogeny/T1.raxml.bestTree
All ML trees saved to: /home/merrittp/EEOB563-FinalProject/insertion_phylogeny/T1.raxml.mlTrees
Optimized model saved to: /home/merrittp/EEOB563-FinalProject/insertion_phylogeny/T1.raxml.bestModel

Execution log saved to: /home/merrittp/EEOB563-FinalProject/insertion_phylogeny/T1.raxml.log

Analysis started: 10-Apr-2020 16:25:07 / finished: 10-Apr-2020 16:43:26

Elapsed time: 1099.023 seconds

