
RAxML-NG v. 0.9.0 released on 20.05.2019 by The Exelixis Lab.
Developed by: Alexey M. Kozlov and Alexandros Stamatakis.
Contributors: Diego Darriba, Tomas Flouri, Benoit Morel, Sarah Lutteropp, Ben Bettisworth.
Latest version: https://github.com/amkozlov/raxml-ng
Questions/problems/suggestions? Please visit: https://groups.google.com/forum/#!forum/raxml

RAxML-NG was called at 15-Apr-2020 22:25:30 as follows:

raxml-ng --support --tree Try3.raxml.bestTree --bs-trees Bootstrap.raxml.bootstraps --prefix Applied --threads 5

Analysis options:
  run mode: Compute bipartition support (Felsenstein Bootstrap)
  start tree(s): user
  random seed: 1587007530
  SIMD kernels: AVX
  parallelization: PTHREADS (5 threads), thread pinning: OFF

Reading reference tree from file: Try3.raxml.bestTree
Reference tree size: 5

Reading bootstrap trees from file: Bootstrap.raxml.bootstraps
Loaded 50 trees with 5 taxa.

Best ML tree with Felsenstein bootstrap (FBP) support values saved to: /home/merrittp/EEOB563-Spring2020-Project/EEOB563-FinalProject/nucleotide-phylogeny/no-insertions/Applied.raxml.support

Execution log saved to: /home/merrittp/EEOB563-Spring2020-Project/EEOB563-FinalProject/nucleotide-phylogeny/no-insertions/Applied.raxml.log

Analysis started: 15-Apr-2020 22:25:30 / finished: 15-Apr-2020 22:25:30

Elapsed time: 0.045 seconds

