
RAxML-NG v. 0.9.0 released on 20.05.2019 by The Exelixis Lab.
Developed by: Alexey M. Kozlov and Alexandros Stamatakis.
Contributors: Diego Darriba, Tomas Flouri, Benoit Morel, Sarah Lutteropp, Ben Bettisworth.
Latest version: https://github.com/amkozlov/raxml-ng
Questions/problems/suggestions? Please visit: https://groups.google.com/forum/#!forum/raxml

RAxML-NG was called at 15-Apr-2020 20:45:54 as follows:

raxml-ng --bootstrap --msa allgenes-no-insertions.phy --model partitions.txt --prefix Bootstrap --seed 5 --threads 5

Analysis options:
  run mode: Bootstrapping
  start tree(s): 
  bootstrap replicates: max: 1000 + bootstopping (autoMRE, cutoff: 0.030000)
  random seed: 5
  tip-inner: OFF
  pattern compression: ON
  per-rate scalers: OFF
  site repeats: ON
  branch lengths: proportional (ML estimate, algorithm: NR-FAST)
  SIMD kernels: AVX
  parallelization: PTHREADS (5 threads), thread pinning: OFF

[00:00:00] Reading alignment from file: allgenes-no-insertions.phy
[00:00:00] Loaded alignment with 5 taxa and 9380 sites

Alignment comprises 6 partitions and 1698 patterns

Partition 0: rnl
Model: GTR+FO+R4+B
Alignment sites / patterns: 3146 / 515
Gaps: 19.49 %
Invariant sites: 58.52 %

Partition 1: rns
Model: GTR+FO+R4+B
Alignment sites / patterns: 1471 / 295
Gaps: 15.66 %
Invariant sites: 53.09 %

Partition 2: cob
Model: GTR+FO+R4+B
Alignment sites / patterns: 1287 / 261
Gaps: 7.96 %
Invariant sites: 55.24 %

Partition 3: cox1
Model: GTR+FO+R4+B
Alignment sites / patterns: 1632 / 247
Gaps: 2.98 %
Invariant sites: 62.38 %

Partition 4: cox2
Model: GTR+FO+R4+B
Alignment sites / patterns: 1047 / 217
Gaps: 21.57 %
Invariant sites: 61.99 %

Partition 5: cox3
Model: GTR+FO+R4+B
Alignment sites / patterns: 797 / 163
Gaps: 1.00 %
Invariant sites: 55.96 %


NOTE: Binary MSA file created: Bootstrap.raxml.rba

[00:00:00] Data distribution: max. partitions/sites/weight per thread: 2 / 340 / 5440
[00:00:00] Starting bootstrapping analysis with 1000 replicates.

[00:00:06] Bootstrap tree #1, logLikelihood: -32865.903201
[00:00:13] Bootstrap tree #2, logLikelihood: -32660.570334
[00:00:17] Bootstrap tree #3, logLikelihood: -32964.551846
[00:00:23] Bootstrap tree #4, logLikelihood: -33081.639969
[00:00:28] Bootstrap tree #5, logLikelihood: -32927.659134
[00:00:33] Bootstrap tree #6, logLikelihood: -32824.809218
[00:00:38] Bootstrap tree #7, logLikelihood: -32784.462814
[00:00:45] Bootstrap tree #8, logLikelihood: -32736.609601
[00:00:49] Bootstrap tree #9, logLikelihood: -32704.734949
[00:00:56] Bootstrap tree #10, logLikelihood: -33036.948327
[00:01:01] Bootstrap tree #11, logLikelihood: -32896.049715
[00:01:05] Bootstrap tree #12, logLikelihood: -32912.825272
[00:01:10] Bootstrap tree #13, logLikelihood: -32844.574750
[00:01:16] Bootstrap tree #14, logLikelihood: -33170.022665
[00:01:21] Bootstrap tree #15, logLikelihood: -32643.077003
[00:01:26] Bootstrap tree #16, logLikelihood: -32651.026408
[00:01:30] Bootstrap tree #17, logLikelihood: -32732.476161
[00:01:35] Bootstrap tree #18, logLikelihood: -32888.367200
[00:01:41] Bootstrap tree #19, logLikelihood: -33117.237001
[00:01:47] Bootstrap tree #20, logLikelihood: -33067.830459
[00:01:53] Bootstrap tree #21, logLikelihood: -32752.478783
[00:01:57] Bootstrap tree #22, logLikelihood: -32787.348379
[00:02:04] Bootstrap tree #23, logLikelihood: -32826.265780
[00:02:10] Bootstrap tree #24, logLikelihood: -32965.205729
[00:02:14] Bootstrap tree #25, logLikelihood: -32777.666942
[00:02:20] Bootstrap tree #26, logLikelihood: -32760.845714
[00:02:26] Bootstrap tree #27, logLikelihood: -32792.364012
[00:02:32] Bootstrap tree #28, logLikelihood: -32898.681207
[00:02:39] Bootstrap tree #29, logLikelihood: -32775.297596
[00:02:42] Bootstrap tree #30, logLikelihood: -32901.099041
[00:02:46] Bootstrap tree #31, logLikelihood: -32891.691264
[00:02:52] Bootstrap tree #32, logLikelihood: -32674.906394
[00:02:57] Bootstrap tree #33, logLikelihood: -32905.381594
[00:03:03] Bootstrap tree #34, logLikelihood: -32545.835717
[00:03:09] Bootstrap tree #35, logLikelihood: -32514.360107
[00:03:14] Bootstrap tree #36, logLikelihood: -32722.016375
[00:03:21] Bootstrap tree #37, logLikelihood: -33143.167919
[00:03:26] Bootstrap tree #38, logLikelihood: -33213.552187
[00:03:33] Bootstrap tree #39, logLikelihood: -33031.223459
[00:03:40] Bootstrap tree #40, logLikelihood: -32397.249105
[00:03:45] Bootstrap tree #41, logLikelihood: -32357.116023
[00:03:48] Bootstrap tree #42, logLikelihood: -33108.155257
[00:03:54] Bootstrap tree #43, logLikelihood: -32745.977410
[00:04:00] Bootstrap tree #44, logLikelihood: -32932.182127
[00:04:03] Bootstrap tree #45, logLikelihood: -33011.415057
[00:04:07] Bootstrap tree #46, logLikelihood: -32699.795116
[00:04:12] Bootstrap tree #47, logLikelihood: -32820.087421
[00:04:18] Bootstrap tree #48, logLikelihood: -32734.932987
[00:04:23] Bootstrap tree #49, logLikelihood: -32742.302252
[00:04:28] Bootstrap tree #50, logLikelihood: -33047.805497
[00:04:28] Bootstrapping converged after 50 replicates.

Bootstrap trees saved to: /home/merrittp/EEOB563-Spring2020-Project/EEOB563-FinalProject/nucleotide-phylogeny/no-insertions/Bootstrap.raxml.bootstraps

Execution log saved to: /home/merrittp/EEOB563-Spring2020-Project/EEOB563-FinalProject/nucleotide-phylogeny/no-insertions/Bootstrap.raxml.log

Analysis started: 15-Apr-2020 20:45:54 / finished: 15-Apr-2020 20:50:23

Elapsed time: 268.817 seconds

