
RAxML-NG v. 0.9.0 released on 20.05.2019 by The Exelixis Lab.
Developed by: Alexey M. Kozlov and Alexandros Stamatakis.
Contributors: Diego Darriba, Tomas Flouri, Benoit Morel, Sarah Lutteropp, Ben Bettisworth.
Latest version: https://github.com/amkozlov/raxml-ng
Questions/problems/suggestions? Please visit: https://groups.google.com/forum/#!forum/raxml

RAxML-NG was called at 15-Apr-2020 22:27:37 as follows:

raxml-ng --msa allspecies-no-insertions.aln --model partitions.txt --prefix Try4 --threads 5 --seed 5 --tree pars{30},rand{30}

Analysis options:
  run mode: ML tree search
  start tree(s): random (30) + parsimony (30)
  random seed: 5
  tip-inner: OFF
  pattern compression: ON
  per-rate scalers: OFF
  site repeats: ON
  fast spr radius: AUTO
  spr subtree cutoff: 1.000000
  branch lengths: proportional (ML estimate, algorithm: NR-FAST)
  SIMD kernels: AVX
  parallelization: PTHREADS (5 threads), thread pinning: OFF

[00:00:00] Reading alignment from file: allspecies-no-insertions.aln
[00:00:00] Loaded alignment with 5 taxa and 9381 sites

WARNING: Fully undetermined columns found: 1

NOTE: Reduced alignment (with duplicates and gap-only sites/taxa removed) 
NOTE: was saved to: /home/merrittp/EEOB563-Spring2020-Project/EEOB563-FinalProject/nucleotide-phylogeny/no-insertions/Try4.raxml.reduced.phy

NOTE: The corresponding reduced partition file was saved to:
/home/merrittp/EEOB563-Spring2020-Project/EEOB563-FinalProject/nucleotide-phylogeny/no-insertions/Try4.raxml.reduced.partition

Alignment comprises 6 partitions and 1698 patterns

Partition 0: rnl
Model: GTR+FO+R4+B
Alignment sites / patterns: 3146 / 515
Gaps: 19.49 %
Invariant sites: 58.52 %

Partition 1: rns
Model: GTR+FO+R4+B
Alignment sites / patterns: 1471 / 295
Gaps: 15.66 %
Invariant sites: 53.09 %

Partition 2: cob
Model: GTR+FO+R4+B
Alignment sites / patterns: 1287 / 261
Gaps: 7.96 %
Invariant sites: 55.24 %

Partition 3: cox1
Model: GTR+FO+R4+B
Alignment sites / patterns: 1632 / 247
Gaps: 2.98 %
Invariant sites: 62.38 %

Partition 4: cox2
Model: GTR+FO+R4+B
Alignment sites / patterns: 1046 / 216
Gaps: 21.55 %
Invariant sites: 62.05 %

Partition 5: cox3
Model: GTR+FO+R4+B
Alignment sites / patterns: 798 / 164
Gaps: 1.05 %
Invariant sites: 55.89 %


NOTE: Binary MSA file created: Try4.raxml.rba

[00:00:00] Generating 30 random starting tree(s) with 5 taxa
[00:00:00] Generating 30 parsimony starting tree(s) with 5 taxa
[00:00:00] Data distribution: max. partitions/sites/weight per thread: 2 / 340 / 5440

Starting ML tree search with 60 distinct starting trees

[00:00:06] ML tree search #1, logLikelihood: -32836.810554
[00:00:14] ML tree search #2, logLikelihood: -32836.757590
[00:00:20] ML tree search #3, logLikelihood: -32836.810554
[00:00:26] ML tree search #4, logLikelihood: -32836.775839
[00:00:31] ML tree search #5, logLikelihood: -32836.761748
[00:00:36] ML tree search #6, logLikelihood: -32836.761748
[00:00:42] ML tree search #7, logLikelihood: -32836.763403
[00:00:49] ML tree search #8, logLikelihood: -32836.790029
[00:00:57] ML tree search #9, logLikelihood: -32838.375605
[00:01:03] ML tree search #10, logLikelihood: -32836.802784
[00:01:09] ML tree search #11, logLikelihood: -32836.775839
[00:01:16] ML tree search #12, logLikelihood: -32836.775640
[00:01:20] ML tree search #13, logLikelihood: -32836.765661
[00:01:27] ML tree search #14, logLikelihood: -32836.775640
[00:01:34] ML tree search #15, logLikelihood: -32836.775640
[00:01:40] ML tree search #16, logLikelihood: -32836.810554
[00:01:46] ML tree search #17, logLikelihood: -32836.810554
[00:01:55] ML tree search #18, logLikelihood: -32836.757590
[00:02:01] ML tree search #19, logLikelihood: -32836.763403
[00:02:05] ML tree search #20, logLikelihood: -32836.765661
[00:02:13] ML tree search #21, logLikelihood: -32838.375605
[00:02:19] ML tree search #22, logLikelihood: -32836.766018
[00:02:25] ML tree search #23, logLikelihood: -32836.763403
[00:02:32] ML tree search #24, logLikelihood: -32836.823006
[00:02:38] ML tree search #25, logLikelihood: -32836.775839
[00:02:43] ML tree search #26, logLikelihood: -32836.775702
[00:02:50] ML tree search #27, logLikelihood: -32836.823006
[00:02:56] ML tree search #28, logLikelihood: -32836.823006
[00:03:02] ML tree search #29, logLikelihood: -32836.763403
[00:03:08] ML tree search #30, logLikelihood: -32836.763403
[00:03:13] ML tree search #31, logLikelihood: -32838.437476
[00:03:21] ML tree search #32, logLikelihood: -32838.387207
[00:03:26] ML tree search #33, logLikelihood: -32838.385336
[00:03:33] ML tree search #34, logLikelihood: -32838.400194
[00:03:36] ML tree search #35, logLikelihood: -32838.380122
[00:03:42] ML tree search #36, logLikelihood: -32836.770964
[00:03:46] ML tree search #37, logLikelihood: -32838.388931
[00:03:52] ML tree search #38, logLikelihood: -32836.770964
[00:04:01] ML tree search #39, logLikelihood: -32838.386017
[00:04:06] ML tree search #40, logLikelihood: -32838.437476
[00:04:09] ML tree search #41, logLikelihood: -32838.317005
[00:04:14] ML tree search #42, logLikelihood: -32838.437476
[00:04:20] ML tree search #43, logLikelihood: -32836.883537
[00:04:26] ML tree search #44, logLikelihood: -32836.849174
[00:04:32] ML tree search #45, logLikelihood: -32838.317539
[00:04:34] ML tree search #46, logLikelihood: -32838.404112
[00:04:37] ML tree search #47, logLikelihood: -32838.399805
[00:04:42] ML tree search #48, logLikelihood: -32838.395174
[00:04:47] ML tree search #49, logLikelihood: -32838.437476
[00:04:52] ML tree search #50, logLikelihood: -32838.366975
[00:04:58] ML tree search #51, logLikelihood: -32836.849174
[00:05:06] ML tree search #52, logLikelihood: -32838.357062
[00:05:13] ML tree search #53, logLikelihood: -32838.431012
[00:05:15] ML tree search #54, logLikelihood: -32838.404112
[00:05:22] ML tree search #55, logLikelihood: -32836.756880
[00:05:27] ML tree search #56, logLikelihood: -32838.375856
[00:05:34] ML tree search #57, logLikelihood: -32838.410418
[00:05:37] ML tree search #58, logLikelihood: -32838.383137
[00:05:42] ML tree search #59, logLikelihood: -32838.398362
[00:05:50] ML tree search #60, logLikelihood: -32838.410418


Final LogLikelihood: -32836.756880

AIC score: 65865.513760 / AICc score: 65867.520008 / BIC score: 66551.561924
Free parameters (model + branch lengths): 96

Best ML tree saved to: /home/merrittp/EEOB563-Spring2020-Project/EEOB563-FinalProject/nucleotide-phylogeny/no-insertions/Try4.raxml.bestTree
All ML trees saved to: /home/merrittp/EEOB563-Spring2020-Project/EEOB563-FinalProject/nucleotide-phylogeny/no-insertions/Try4.raxml.mlTrees
Optimized model saved to: /home/merrittp/EEOB563-Spring2020-Project/EEOB563-FinalProject/nucleotide-phylogeny/no-insertions/Try4.raxml.bestModel

Execution log saved to: /home/merrittp/EEOB563-Spring2020-Project/EEOB563-FinalProject/nucleotide-phylogeny/no-insertions/Try4.raxml.log

Analysis started: 15-Apr-2020 22:27:37 / finished: 15-Apr-2020 22:33:27

Elapsed time: 350.042 seconds

